C51 COMPILER V9.60.0.0   DELAY                                                             04/30/2023 22:26:48 PAGE 1   


C51 COMPILER V9.60.0.0, COMPILATION OF MODULE DELAY
OBJECT MODULE PLACED IN .\Objects\delay.obj
COMPILER INVOKED BY: C:\Keil_v4\C51\BIN\C51.EXE delay.c OPTIMIZE(8,SPEED) PRINT(.\Listings\delay.lst) TABS(2) OBJECT(.\O
                    -bjects\delay.obj)

line level    source

   1          #include "delay.h"
   2          
   3          void DelayMs(unsigned int nms)
   4          {
   5   1          unsigned char i, j;
   6   1          while(nms--)
   7   1          {
   8   2              i = 15;
   9   2              j = 90;
  10   2              do
  11   2              {
  12   3                  while (--j);
  13   3              } while (--i);
  14   2          }
  15   1      }


MODULE INFORMATION:   STATIC OVERLAYABLE
   CODE SIZE        =     21    ----
   CONSTANT SIZE    =   ----    ----
   XDATA SIZE       =   ----    ----
   PDATA SIZE       =   ----    ----
   DATA SIZE        =   ----    ----
   IDATA SIZE       =   ----    ----
   BIT SIZE         =   ----    ----
END OF MODULE INFORMATION.


C51 COMPILATION COMPLETE.  0 WARNING(S),  0 ERROR(S)
