C51 COMPILER V9.60.0.0   KEY                                                               04/30/2023 23:10:48 PAGE 1   


C51 COMPILER V9.60.0.0, COMPILATION OF MODULE KEY
OBJECT MODULE PLACED IN .\Objects\key.obj
COMPILER INVOKED BY: C:\Keil_v4\C51\BIN\C51.EXE key.c LARGE OPTIMIZE(8,SPEED) PRINT(.\Listings\key.lst) TABS(2) OBJECT(.
                    -\Objects\key.obj)

line level    source

   1          #include "key.h"
   2          
   3          #include <reg52.h>
   4          #include <intrins.h>
   5          #include "delay.h"
   6          


MODULE INFORMATION:   STATIC OVERLAYABLE
   CODE SIZE        =   ----    ----
   CONSTANT SIZE    =   ----    ----
   XDATA SIZE       =   ----    ----
   PDATA SIZE       =   ----    ----
   DATA SIZE        =   ----    ----
   IDATA SIZE       =   ----    ----
   BIT SIZE         =   ----    ----
END OF MODULE INFORMATION.


C51 COMPILATION COMPLETE.  0 WARNING(S),  0 ERROR(S)
